This is pdfTeX, Version 3.14159265-2.6-1.40.16 (TeX Live 2015) (preloaded format=pdflatex 2015.5.24)  21 AUG 2020 17:23
entering extended mode
 restricted \write18 enabled.
 file:line:error style messages enabled.
 %&-line parsing enabled.
**covidEffectOfNPI-revision.tex
(./covidEffectOfNPI-revision.tex
LaTeX2e <2015/01/01>
Babel <3.9l> and hyphenation patterns for 79 languages loaded.
(/usr/local/texlive/2015/texmf-dist/tex/latex/amscls/amsart.cls
Document Class: amsart 2015/03/04 v2.20.2
\linespacing=\dimen102
\normalparindent=\dimen103
\normaltopskip=\skip41
(/usr/local/texlive/2015/texmf-dist/tex/latex/amsmath/amsmath.sty
Package: amsmath 2016/03/10 v2.15b AMS math features
\@mathmargin=\skip42

For additional information on amsmath, use the `?' option.
(/usr/local/texlive/2015/texmf-dist/tex/latex/amsmath/amstext.sty
Package: amstext 2000/06/29 v2.01 AMS text

(/usr/local/texlive/2015/texmf-dist/tex/latex/amsmath/amsgen.sty
File: amsgen.sty 1999/11/30 v2.0 generic functions
\@emptytoks=\toks14
\ex@=\dimen104
))
(/usr/local/texlive/2015/texmf-dist/tex/latex/amsmath/amsbsy.sty
Package: amsbsy 1999/11/29 v1.2d Bold Symbols
\pmbraise@=\dimen105
)
(/usr/local/texlive/2015/texmf-dist/tex/latex/amsmath/amsopn.sty
Package: amsopn 2016/03/08 v2.02 operator names
)
\inf@bad=\count79
LaTeX Info: Redefining \frac on input line 199.
\uproot@=\count80
\leftroot@=\count81
LaTeX Info: Redefining \overline on input line 297.
\classnum@=\count82
\DOTSCASE@=\count83
LaTeX Info: Redefining \ldots on input line 394.
LaTeX Info: Redefining \dots on input line 397.
LaTeX Info: Redefining \cdots on input line 518.
\Mathstrutbox@=\box26
\strutbox@=\box27
\big@size=\dimen106
LaTeX Font Info:    Redeclaring font encoding OML on input line 634.
LaTeX Font Info:    Redeclaring font encoding OMS on input line 635.
\macc@depth=\count84
\c@MaxMatrixCols=\count85
\dotsspace@=\muskip10
\c@parentequation=\count86
\dspbrk@lvl=\count87
\tag@help=\toks15
\row@=\count88
\column@=\count89
\maxfields@=\count90
\andhelp@=\toks16
\eqnshift@=\dimen107
\alignsep@=\dimen108
\tagshift@=\dimen109
\tagwidth@=\dimen110
\totwidth@=\dimen111
\lineht@=\dimen112
\@envbody=\toks17
\multlinegap=\skip43
\multlinetaggap=\skip44
\mathdisplay@stack=\toks18
LaTeX Info: Redefining \[ on input line 2739.
LaTeX Info: Redefining \] on input line 2740.
)
LaTeX Font Info:    Try loading font information for U+msa on input line 388.

(/usr/local/texlive/2015/texmf-dist/tex/latex/amsfonts/umsa.fd
File: umsa.fd 2013/01/14 v3.01 AMS symbols A
)
(/usr/local/texlive/2015/texmf-dist/tex/latex/amsfonts/amsfonts.sty
Package: amsfonts 2013/01/14 v3.01 Basic AMSFonts support
\symAMSa=\mathgroup4
\symAMSb=\mathgroup5
LaTeX Font Info:    Overwriting math alphabet `\mathfrak' in version `bold'
(Font)                  U/euf/m/n --> U/euf/b/n on input line 106.
)
\copyins=\insert233
\abstractbox=\box28
\listisep=\skip45
\c@part=\count91
\c@section=\count92
\c@subsection=\count93
\c@subsubsection=\count94
\c@paragraph=\count95
\c@subparagraph=\count96
\c@figure=\count97
\c@table=\count98
\abovecaptionskip=\skip46
\belowcaptionskip=\skip47
\captionindent=\dimen113
\thm@style=\toks19
\thm@bodyfont=\toks20
\thm@headfont=\toks21
\thm@notefont=\toks22
\thm@headpunct=\toks23
\thm@preskip=\skip48
\thm@postskip=\skip49
\thm@headsep=\skip50
\dth@everypar=\toks24
)
(/usr/local/texlive/2015/texmf-dist/tex/latex/amsfonts/amssymb.sty
Package: amssymb 2013/01/14 v3.01 AMS font symbols
)
(/usr/local/texlive/2015/texmf-dist/tex/latex/graphics/graphicx.sty
Package: graphicx 2014/10/28 v1.0g Enhanced LaTeX Graphics (DPC,SPQR)

(/usr/local/texlive/2015/texmf-dist/tex/latex/graphics/keyval.sty
Package: keyval 2014/10/28 v1.15 key=value parser (DPC)
\KV@toks@=\toks25
)
(/usr/local/texlive/2015/texmf-dist/tex/latex/graphics/graphics.sty
Package: graphics 2014/10/28 v1.0p Standard LaTeX Graphics (DPC,SPQR)

(/usr/local/texlive/2015/texmf-dist/tex/latex/graphics/trig.sty
Package: trig 1999/03/16 v1.09 sin cos tan (DPC)
)
(/usr/local/texlive/2015/texmf-dist/tex/latex/latexconfig/graphics.cfg
File: graphics.cfg 2010/04/23 v1.9 graphics configuration of TeX Live
)
Package graphics Info: Driver file: pdftex.def on input line 94.

(/usr/local/texlive/2015/texmf-dist/tex/latex/pdftex-def/pdftex.def
File: pdftex.def 2011/05/27 v0.06d Graphics/color for pdfTeX

(/usr/local/texlive/2015/texmf-dist/tex/generic/oberdiek/infwarerr.sty
Package: infwarerr 2010/04/08 v1.3 Providing info/warning/error messages (HO)
)
(/usr/local/texlive/2015/texmf-dist/tex/generic/oberdiek/ltxcmds.sty
Package: ltxcmds 2011/11/09 v1.22 LaTeX kernel commands for general use (HO)
)
\Gread@gobject=\count99
))
\Gin@req@height=\dimen114
\Gin@req@width=\dimen115
)
(/usr/local/texlive/2015/texmf-dist/tex/latex/hyperref/hyperref.sty
Package: hyperref 2012/11/06 v6.83m Hypertext links for LaTeX

(/usr/local/texlive/2015/texmf-dist/tex/generic/oberdiek/hobsub-hyperref.sty
Package: hobsub-hyperref 2012/05/28 v1.13 Bundle oberdiek, subset hyperref (HO)


(/usr/local/texlive/2015/texmf-dist/tex/generic/oberdiek/hobsub-generic.sty
Package: hobsub-generic 2012/05/28 v1.13 Bundle oberdiek, subset generic (HO)
Package: hobsub 2012/05/28 v1.13 Construct package bundles (HO)
Package hobsub Info: Skipping package `infwarerr' (already loaded).
Package hobsub Info: Skipping package `ltxcmds' (already loaded).
Package: ifluatex 2010/03/01 v1.3 Provides the ifluatex switch (HO)
Package ifluatex Info: LuaTeX not detected.
Package: ifvtex 2010/03/01 v1.5 Detect VTeX and its facilities (HO)
Package ifvtex Info: VTeX not detected.
Package: intcalc 2007/09/27 v1.1 Expandable calculations with integers (HO)
Package: ifpdf 2011/01/30 v2.3 Provides the ifpdf switch (HO)
Package ifpdf Info: pdfTeX in PDF mode is detected.
Package: etexcmds 2011/02/16 v1.5 Avoid name clashes with e-TeX commands (HO)
Package etexcmds Info: Could not find \expanded.
(etexcmds)             That can mean that you are not using pdfTeX 1.50 or
(etexcmds)             that some package has redefined \expanded.
(etexcmds)             In the latter case, load this package earlier.
Package: kvsetkeys 2012/04/25 v1.16 Key value parser (HO)
Package: kvdefinekeys 2011/04/07 v1.3 Define keys (HO)
Package: pdftexcmds 2011/11/29 v0.20 Utility functions of pdfTeX for LuaTeX (HO
)
Package pdftexcmds Info: LuaTeX not detected.
Package pdftexcmds Info: \pdf@primitive is available.
Package pdftexcmds Info: \pdf@ifprimitive is available.
Package pdftexcmds Info: \pdfdraftmode found.
Package: pdfescape 2011/11/25 v1.13 Implements pdfTeX's escape features (HO)
Package: bigintcalc 2012/04/08 v1.3 Expandable calculations on big integers (HO
)
Package: bitset 2011/01/30 v1.1 Handle bit-vector datatype (HO)
Package: uniquecounter 2011/01/30 v1.2 Provide unlimited unique counter (HO)
)
Package hobsub Info: Skipping package `hobsub' (already loaded).
Package: letltxmacro 2010/09/02 v1.4 Let assignment for LaTeX macros (HO)
Package: hopatch 2012/05/28 v1.2 Wrapper for package hooks (HO)
Package: xcolor-patch 2011/01/30 xcolor patch
Package: atveryend 2011/06/30 v1.8 Hooks at the very end of document (HO)
Package atveryend Info: \enddocument detected (standard20110627).
Package: atbegshi 2011/10/05 v1.16 At begin shipout hook (HO)
Package: refcount 2011/10/16 v3.4 Data extraction from label references (HO)
Package: hycolor 2011/01/30 v1.7 Color options for hyperref/bookmark (HO)
)
(/usr/local/texlive/2015/texmf-dist/tex/generic/ifxetex/ifxetex.sty
Package: ifxetex 2010/09/12 v0.6 Provides ifxetex conditional
)
(/usr/local/texlive/2015/texmf-dist/tex/latex/oberdiek/auxhook.sty
Package: auxhook 2011/03/04 v1.3 Hooks for auxiliary files (HO)
)
(/usr/local/texlive/2015/texmf-dist/tex/latex/oberdiek/kvoptions.sty
Package: kvoptions 2011/06/30 v3.11 Key value format for package options (HO)
)
\@linkdim=\dimen116
\Hy@linkcounter=\count100
\Hy@pagecounter=\count101

(/usr/local/texlive/2015/texmf-dist/tex/latex/hyperref/pd1enc.def
File: pd1enc.def 2012/11/06 v6.83m Hyperref: PDFDocEncoding definition (HO)
)
\Hy@SavedSpaceFactor=\count102

(/usr/local/texlive/2015/texmf-dist/tex/latex/latexconfig/hyperref.cfg
File: hyperref.cfg 2002/06/06 v1.2 hyperref configuration of TeXLive
)
Package hyperref Info: Hyper figures OFF on input line 4443.
Package hyperref Info: Link nesting OFF on input line 4448.
Package hyperref Info: Hyper index ON on input line 4451.
Package hyperref Info: Plain pages OFF on input line 4458.
Package hyperref Info: Backreferencing OFF on input line 4463.
Package hyperref Info: Implicit mode ON; LaTeX internals redefined.
Package hyperref Info: Bookmarks ON on input line 4688.
\c@Hy@tempcnt=\count103

(/usr/local/texlive/2015/texmf-dist/tex/latex/url/url.sty
\Urlmuskip=\muskip11
Package: url 2013/09/16  ver 3.4  Verb mode for urls, etc.
)
LaTeX Info: Redefining \url on input line 5041.
\XeTeXLinkMargin=\dimen117
\Fld@menulength=\count104
\Field@Width=\dimen118
\Fld@charsize=\dimen119
Package hyperref Info: Hyper figures OFF on input line 6295.
Package hyperref Info: Link nesting OFF on input line 6300.
Package hyperref Info: Hyper index ON on input line 6303.
Package hyperref Info: backreferencing OFF on input line 6310.
Package hyperref Info: Link coloring OFF on input line 6315.
Package hyperref Info: Link coloring with OCG OFF on input line 6320.
Package hyperref Info: PDF/A mode OFF on input line 6325.
LaTeX Info: Redefining \ref on input line 6365.
LaTeX Info: Redefining \pageref on input line 6369.
\Hy@abspage=\count105
\c@Item=\count106
\c@Hfootnote=\count107
)

Package hyperref Message: Driver (autodetected): hpdftex.

(/usr/local/texlive/2015/texmf-dist/tex/latex/hyperref/hpdftex.def
File: hpdftex.def 2012/11/06 v6.83m Hyperref driver for pdfTeX
\Fld@listcount=\count108
\c@bookmark@seq@number=\count109

(/usr/local/texlive/2015/texmf-dist/tex/latex/oberdiek/rerunfilecheck.sty
Package: rerunfilecheck 2011/04/15 v1.7 Rerun checks for auxiliary files (HO)
Package uniquecounter Info: New unique counter `rerunfilecheck' on input line 2
82.
)
\Hy@SectionHShift=\skip51
)
(/usr/local/texlive/2015/texmf-dist/tex/latex/geometry/geometry.sty
Package: geometry 2010/09/12 v5.6 Page Geometry
\Gm@cnth=\count110
\Gm@cntv=\count111
\c@Gm@tempcnt=\count112
\Gm@bindingoffset=\dimen120
\Gm@wd@mp=\dimen121
\Gm@odd@mp=\dimen122
\Gm@even@mp=\dimen123
\Gm@layoutwidth=\dimen124
\Gm@layoutheight=\dimen125
\Gm@layouthoffset=\dimen126
\Gm@layoutvoffset=\dimen127
\Gm@dimlist=\toks26
)
(/usr/local/texlive/2015/texmf-dist/tex/latex/multirow/multirow.sty
\bigstrutjot=\dimen128
)
(/usr/local/texlive/2015/texmf-dist/tex/latex/tools/verbatim.sty
Package: verbatim 2014/10/28 v1.5q LaTeX2e package for verbatim enhancements
\every@verbatim=\toks27
\verbatim@line=\toks28
\verbatim@in@stream=\read1
)
(/usr/local/texlive/2015/texmf-dist/tex/latex/float/float.sty
Package: float 2001/11/08 v1.3d Float enhancements (AL)
\c@float@type=\count113
\float@exts=\toks29
\float@box=\box29
\@float@everytoks=\toks30
\@floatcapt=\box30
)
(/usr/local/texlive/2015/texmf-dist/tex/latex/rotating/rotating.sty
Package: rotating 2009/03/28 v2.16a rotated objects in LaTeX

(/usr/local/texlive/2015/texmf-dist/tex/latex/base/ifthen.sty
Package: ifthen 2014/09/29 v1.1c Standard LaTeX ifthen package (DPC)
)
\c@r@tfl@t=\count114
\rotFPtop=\skip52
\rotFPbot=\skip53
\rot@float@box=\box31
\rot@mess@toks=\toks31
)
(/usr/local/texlive/2015/texmf-dist/tex/latex/xcolor/xcolor.sty
Package: xcolor 2007/01/21 v2.11 LaTeX color extensions (UK)

(/usr/local/texlive/2015/texmf-dist/tex/latex/latexconfig/color.cfg
File: color.cfg 2007/01/18 v1.5 color configuration of teTeX/TeXLive
)
Package xcolor Info: Driver file: pdftex.def on input line 225.
Package xcolor Info: Model `cmy' substituted by `cmy0' on input line 1337.
Package xcolor Info: Model `hsb' substituted by `rgb' on input line 1341.
Package xcolor Info: Model `RGB' extended on input line 1353.
Package xcolor Info: Model `HTML' substituted by `rgb' on input line 1355.
Package xcolor Info: Model `Hsb' substituted by `hsb' on input line 1356.
Package xcolor Info: Model `tHsb' substituted by `hsb' on input line 1357.
Package xcolor Info: Model `HSB' substituted by `hsb' on input line 1358.
Package xcolor Info: Model `Gray' substituted by `gray' on input line 1359.
Package xcolor Info: Model `wave' substituted by `hsb' on input line 1360.

(/usr/local/texlive/2015/texmf-dist/tex/latex/graphics/dvipsnam.def
File: dvipsnam.def 2014/10/14 v3.0j Driver-dependent file (DPC,SPQR)
))
(/usr/local/texlive/2015/texmf-dist/tex/generic/ulem/ulem.sty
\UL@box=\box32
\UL@hyphenbox=\box33
\UL@skip=\skip54
\UL@hook=\toks32
\UL@height=\dimen129
\UL@pe=\count115
\UL@pixel=\dimen130
\ULC@box=\box34
Package: ulem 2012/05/18
\ULdepth=\dimen131
)
(/usr/local/texlive/2015/texmf-dist/tex/latex/booktabs/booktabs.sty
Package: booktabs 2005/04/14 v1.61803 publication quality tables
\heavyrulewidth=\dimen132
\lightrulewidth=\dimen133
\cmidrulewidth=\dimen134
\belowrulesep=\dimen135
\belowbottomsep=\dimen136
\aboverulesep=\dimen137
\abovetopsep=\dimen138
\cmidrulesep=\dimen139
\cmidrulekern=\dimen140
\defaultaddspace=\dimen141
\@cmidla=\count116
\@cmidlb=\count117
\@aboverulesep=\dimen142
\@belowrulesep=\dimen143
\@thisruleclass=\count118
\@lastruleclass=\count119
\@thisrulewidth=\dimen144
)
(/usr/local/texlive/2015/texmf-dist/tex/latex/tabu/tabu.sty
Package: tabu 2011/02/26 v2.8 - flexible LaTeX tabulars (FC)

(/usr/local/texlive/2015/texmf-dist/tex/latex/tools/array.sty
Package: array 2014/10/28 v2.4c Tabular extension package (FMi)
\col@sep=\dimen145
\extrarowheight=\dimen146
\NC@list=\toks33
\extratabsurround=\skip55
\backup@length=\skip56
)
(/usr/local/texlive/2015/texmf-dist/tex/latex/varwidth/varwidth.sty
Package: varwidth 2009/03/30 ver 0.92;  Variable-width minipages
\@vwid@box=\box35
\sift@deathcycles=\count120
\@vwid@loff=\dimen147
\@vwid@roff=\dimen148
)
\c@taburow=\count121
\tabu@nbcols=\count122
\tabu@cnt=\count123
\tabu@Xcol=\count124
\tabu@alloc=\count125
\tabu@nested=\count126
\tabu@target=\dimen149
\tabu@spreadtarget=\dimen150
\tabu@naturalX=\dimen151
\tabucolX=\dimen152
\tabu@Xsum=\dimen153
\extrarowdepth=\dimen154
\abovetabulinesep=\dimen155
\belowtabulinesep=\dimen156
\tabustrutrule=\dimen157
\tabu@thebody=\toks34
\tabu@footnotes=\toks35
\tabu@box=\box36
\tabu@arstrutbox=\box37
\tabu@hleads=\box38
\tabu@vleads=\box39
\tabu@cellskip=\skip57
)
(/usr/local/texlive/2015/texmf-dist/tex/latex/caption/subcaption.sty
Package: subcaption 2016/02/20 v1.1-142 Sub-captions (AR)

(/usr/local/texlive/2015/texmf-dist/tex/latex/caption/caption.sty
Package: caption 2016/02/21 v3.3-144 Customizing captions (AR)

(/usr/local/texlive/2015/texmf-dist/tex/latex/caption/caption3.sty
Package: caption3 2016/02/04 v1.7-139 caption3 kernel (AR)
Package caption3 Info: TeX engine: e-TeX on input line 67.
\captionmargin=\dimen158
\captionmargin@=\dimen159
\captionwidth=\dimen160
\caption@tempdima=\dimen161
\caption@indent=\dimen162
\caption@parindent=\dimen163
\caption@hangindent=\dimen164
)
Package caption Info: AMS or SMF document class.
\c@ContinuedFloat=\count127
Package caption Info: float package is loaded.
Package caption Info: hyperref package is loaded.
Package caption Info: rotating package is loaded.
)
\c@subfigure=\count128
\c@subtable=\count129
)
\c@theorem=\count130
\c@conjecture=\count131
\c@corollary=\count132
\c@lemma=\count133
\c@proposition=\count134
\c@assumption=\count135
\c@definition=\count136
\c@step=\count137
\c@remark=\count138
\c@example=\count139
\c@mpart=\count140
\c@problem=\count141

(/usr/local/texlive/2015/texmf-dist/tex/latex/tools/calc.sty
Package: calc 2014/10/28 v4.3 Infix arithmetic (KKT,FJ)
\calc@Acount=\count142
\calc@Bcount=\count143
\calc@Adimen=\dimen165
\calc@Bdimen=\dimen166
\calc@Askip=\skip58
\calc@Bskip=\skip59
LaTeX Info: Redefining \setlength on input line 80.
LaTeX Info: Redefining \addtolength on input line 81.
\calc@Ccount=\count144
\calc@Cskip=\skip60
)
(/usr/local/texlive/2015/texmf-dist/tex/latex/pgf/frontendlayer/tikz.sty
(/usr/local/texlive/2015/texmf-dist/tex/latex/pgf/basiclayer/pgf.sty
(/usr/local/texlive/2015/texmf-dist/tex/latex/pgf/utilities/pgfrcs.sty
(/usr/local/texlive/2015/texmf-dist/tex/generic/pgf/utilities/pgfutil-common.te
x
\pgfutil@everybye=\toks36
\pgfutil@tempdima=\dimen167
\pgfutil@tempdimb=\dimen168

(/usr/local/texlive/2015/texmf-dist/tex/generic/pgf/utilities/pgfutil-common-li
sts.tex))
(/usr/local/texlive/2015/texmf-dist/tex/generic/pgf/utilities/pgfutil-latex.def
\pgfutil@abb=\box40
(/usr/local/texlive/2015/texmf-dist/tex/latex/ms/everyshi.sty
Package: everyshi 2001/05/15 v3.00 EveryShipout Package (MS)
))
(/usr/local/texlive/2015/texmf-dist/tex/generic/pgf/utilities/pgfrcs.code.tex
Package: pgfrcs 2013/12/20 v3.0.0 (rcs-revision 1.28)
))
Package: pgf 2013/12/18 v3.0.0 (rcs-revision 1.14)
(/usr/local/texlive/2015/texmf-dist/tex/latex/pgf/basiclayer/pgfcore.sty
(/usr/local/texlive/2015/texmf-dist/tex/latex/pgf/systemlayer/pgfsys.sty
(/usr/local/texlive/2015/texmf-dist/tex/generic/pgf/systemlayer/pgfsys.code.tex
Package: pgfsys 2013/11/30 v3.0.0 (rcs-revision 1.47)
(/usr/local/texlive/2015/texmf-dist/tex/generic/pgf/utilities/pgfkeys.code.tex
\pgfkeys@pathtoks=\toks37
\pgfkeys@temptoks=\toks38

(/usr/local/texlive/2015/texmf-dist/tex/generic/pgf/utilities/pgfkeysfiltered.c
ode.tex
\pgfkeys@tmptoks=\toks39
))
\pgf@x=\dimen169
\pgf@y=\dimen170
\pgf@xa=\dimen171
\pgf@ya=\dimen172
\pgf@xb=\dimen173
\pgf@yb=\dimen174
\pgf@xc=\dimen175
\pgf@yc=\dimen176
\w@pgf@writea=\write3
\r@pgf@reada=\read2
\c@pgf@counta=\count145
\c@pgf@countb=\count146
\c@pgf@countc=\count147
\c@pgf@countd=\count148
\t@pgf@toka=\toks40
\t@pgf@tokb=\toks41
\t@pgf@tokc=\toks42

(/usr/local/texlive/2015/texmf-dist/tex/generic/pgf/systemlayer/pgf.cfg
File: pgf.cfg 2008/05/14  (rcs-revision 1.7)
)
Driver file for pgf: pgfsys-pdftex.def

(/usr/local/texlive/2015/texmf-dist/tex/generic/pgf/systemlayer/pgfsys-pdftex.d
ef
File: pgfsys-pdftex.def 2013/07/18  (rcs-revision 1.33)

(/usr/local/texlive/2015/texmf-dist/tex/generic/pgf/systemlayer/pgfsys-common-p
df.def
File: pgfsys-common-pdf.def 2013/10/10  (rcs-revision 1.13)
)))
(/usr/local/texlive/2015/texmf-dist/tex/generic/pgf/systemlayer/pgfsyssoftpath.
code.tex
File: pgfsyssoftpath.code.tex 2013/09/09  (rcs-revision 1.9)
\pgfsyssoftpath@smallbuffer@items=\count149
\pgfsyssoftpath@bigbuffer@items=\count150
)
(/usr/local/texlive/2015/texmf-dist/tex/generic/pgf/systemlayer/pgfsysprotocol.
code.tex
File: pgfsysprotocol.code.tex 2006/10/16  (rcs-revision 1.4)
))
(/usr/local/texlive/2015/texmf-dist/tex/generic/pgf/basiclayer/pgfcore.code.tex
Package: pgfcore 2010/04/11 v3.0.0 (rcs-revision 1.7)
(/usr/local/texlive/2015/texmf-dist/tex/generic/pgf/math/pgfmath.code.tex
(/usr/local/texlive/2015/texmf-dist/tex/generic/pgf/math/pgfmathcalc.code.tex
(/usr/local/texlive/2015/texmf-dist/tex/generic/pgf/math/pgfmathutil.code.tex)
(/usr/local/texlive/2015/texmf-dist/tex/generic/pgf/math/pgfmathparser.code.tex
\pgfmath@dimen=\dimen177
\pgfmath@count=\count151
\pgfmath@box=\box41
\pgfmath@toks=\toks43
\pgfmath@stack@operand=\toks44
\pgfmath@stack@operation=\toks45
)
(/usr/local/texlive/2015/texmf-dist/tex/generic/pgf/math/pgfmathfunctions.code.
tex
(/usr/local/texlive/2015/texmf-dist/tex/generic/pgf/math/pgfmathfunctions.basic
.code.tex)
(/usr/local/texlive/2015/texmf-dist/tex/generic/pgf/math/pgfmathfunctions.trigo
nometric.code.tex)
(/usr/local/texlive/2015/texmf-dist/tex/generic/pgf/math/pgfmathfunctions.rando
m.code.tex)
(/usr/local/texlive/2015/texmf-dist/tex/generic/pgf/math/pgfmathfunctions.compa
rison.code.tex)
(/usr/local/texlive/2015/texmf-dist/tex/generic/pgf/math/pgfmathfunctions.base.
code.tex)
(/usr/local/texlive/2015/texmf-dist/tex/generic/pgf/math/pgfmathfunctions.round
.code.tex)
(/usr/local/texlive/2015/texmf-dist/tex/generic/pgf/math/pgfmathfunctions.misc.
code.tex)
(/usr/local/texlive/2015/texmf-dist/tex/generic/pgf/math/pgfmathfunctions.integ
erarithmetics.code.tex)))
(/usr/local/texlive/2015/texmf-dist/tex/generic/pgf/math/pgfmathfloat.code.tex
\c@pgfmathroundto@lastzeros=\count152
))
(/usr/local/texlive/2015/texmf-dist/tex/generic/pgf/basiclayer/pgfcorepoints.co
de.tex
File: pgfcorepoints.code.tex 2013/10/07  (rcs-revision 1.27)
\pgf@picminx=\dimen178
\pgf@picmaxx=\dimen179
\pgf@picminy=\dimen180
\pgf@picmaxy=\dimen181
\pgf@pathminx=\dimen182
\pgf@pathmaxx=\dimen183
\pgf@pathminy=\dimen184
\pgf@pathmaxy=\dimen185
\pgf@xx=\dimen186
\pgf@xy=\dimen187
\pgf@yx=\dimen188
\pgf@yy=\dimen189
\pgf@zx=\dimen190
\pgf@zy=\dimen191
)
(/usr/local/texlive/2015/texmf-dist/tex/generic/pgf/basiclayer/pgfcorepathconst
ruct.code.tex
File: pgfcorepathconstruct.code.tex 2013/10/07  (rcs-revision 1.29)
\pgf@path@lastx=\dimen192
\pgf@path@lasty=\dimen193
)
(/usr/local/texlive/2015/texmf-dist/tex/generic/pgf/basiclayer/pgfcorepathusage
.code.tex
File: pgfcorepathusage.code.tex 2013/12/13  (rcs-revision 1.23)
\pgf@shorten@end@additional=\dimen194
\pgf@shorten@start@additional=\dimen195
)
(/usr/local/texlive/2015/texmf-dist/tex/generic/pgf/basiclayer/pgfcorescopes.co
de.tex
File: pgfcorescopes.code.tex 2013/10/09  (rcs-revision 1.44)
\pgfpic=\box42
\pgf@hbox=\box43
\pgf@layerbox@main=\box44
\pgf@picture@serial@count=\count153
)
(/usr/local/texlive/2015/texmf-dist/tex/generic/pgf/basiclayer/pgfcoregraphicst
ate.code.tex
File: pgfcoregraphicstate.code.tex 2013/09/19  (rcs-revision 1.11)
\pgflinewidth=\dimen196
)
(/usr/local/texlive/2015/texmf-dist/tex/generic/pgf/basiclayer/pgfcoretransform
ations.code.tex
File: pgfcoretransformations.code.tex 2013/10/10  (rcs-revision 1.17)
\pgf@pt@x=\dimen197
\pgf@pt@y=\dimen198
\pgf@pt@temp=\dimen199
)
(/usr/local/texlive/2015/texmf-dist/tex/generic/pgf/basiclayer/pgfcorequick.cod
e.tex
File: pgfcorequick.code.tex 2008/10/09  (rcs-revision 1.3)
)
(/usr/local/texlive/2015/texmf-dist/tex/generic/pgf/basiclayer/pgfcoreobjects.c
ode.tex
File: pgfcoreobjects.code.tex 2006/10/11  (rcs-revision 1.2)
)
(/usr/local/texlive/2015/texmf-dist/tex/generic/pgf/basiclayer/pgfcorepathproce
ssing.code.tex
File: pgfcorepathprocessing.code.tex 2013/09/09  (rcs-revision 1.9)
)
(/usr/local/texlive/2015/texmf-dist/tex/generic/pgf/basiclayer/pgfcorearrows.co
de.tex
File: pgfcorearrows.code.tex 2013/11/07  (rcs-revision 1.40)
\pgfarrowsep=\dimen200
)
(/usr/local/texlive/2015/texmf-dist/tex/generic/pgf/basiclayer/pgfcoreshade.cod
e.tex
File: pgfcoreshade.code.tex 2013/07/15  (rcs-revision 1.15)
\pgf@max=\dimen201
\pgf@sys@shading@range@num=\count154
)
(/usr/local/texlive/2015/texmf-dist/tex/generic/pgf/basiclayer/pgfcoreimage.cod
e.tex
File: pgfcoreimage.code.tex 2013/07/15  (rcs-revision 1.18)

(/usr/local/texlive/2015/texmf-dist/tex/generic/pgf/basiclayer/pgfcoreexternal.
code.tex
File: pgfcoreexternal.code.tex 2013/07/15  (rcs-revision 1.20)
\pgfexternal@startupbox=\box45
))
(/usr/local/texlive/2015/texmf-dist/tex/generic/pgf/basiclayer/pgfcorelayers.co
de.tex
File: pgfcorelayers.code.tex 2013/07/18  (rcs-revision 1.7)
)
(/usr/local/texlive/2015/texmf-dist/tex/generic/pgf/basiclayer/pgfcoretranspare
ncy.code.tex
File: pgfcoretransparency.code.tex 2013/09/30  (rcs-revision 1.5)
)
(/usr/local/texlive/2015/texmf-dist/tex/generic/pgf/basiclayer/pgfcorepatterns.
code.tex
File: pgfcorepatterns.code.tex 2013/11/07  (rcs-revision 1.5)
)))
(/usr/local/texlive/2015/texmf-dist/tex/generic/pgf/modules/pgfmoduleshapes.cod
e.tex
File: pgfmoduleshapes.code.tex 2013/10/31  (rcs-revision 1.34)
\pgfnodeparttextbox=\box46
)
(/usr/local/texlive/2015/texmf-dist/tex/generic/pgf/modules/pgfmoduleplot.code.
tex
File: pgfmoduleplot.code.tex 2013/07/31  (rcs-revision 1.12)
)
(/usr/local/texlive/2015/texmf-dist/tex/latex/pgf/compatibility/pgfcomp-version
-0-65.sty
Package: pgfcomp-version-0-65 2007/07/03 v3.0.0 (rcs-revision 1.7)
\pgf@nodesepstart=\dimen202
\pgf@nodesepend=\dimen203
)
(/usr/local/texlive/2015/texmf-dist/tex/latex/pgf/compatibility/pgfcomp-version
-1-18.sty
Package: pgfcomp-version-1-18 2007/07/23 v3.0.0 (rcs-revision 1.1)
))
(/usr/local/texlive/2015/texmf-dist/tex/latex/pgf/utilities/pgffor.sty
(/usr/local/texlive/2015/texmf-dist/tex/latex/pgf/utilities/pgfkeys.sty
(/usr/local/texlive/2015/texmf-dist/tex/generic/pgf/utilities/pgfkeys.code.tex)
) (/usr/local/texlive/2015/texmf-dist/tex/latex/pgf/math/pgfmath.sty
(/usr/local/texlive/2015/texmf-dist/tex/generic/pgf/math/pgfmath.code.tex))
(/usr/local/texlive/2015/texmf-dist/tex/generic/pgf/utilities/pgffor.code.tex
Package: pgffor 2013/12/13 v3.0.0 (rcs-revision 1.25)

(/usr/local/texlive/2015/texmf-dist/tex/generic/pgf/math/pgfmath.code.tex)
\pgffor@iter=\dimen204
\pgffor@skip=\dimen205
\pgffor@stack=\toks46
\pgffor@toks=\toks47
))
(/usr/local/texlive/2015/texmf-dist/tex/generic/pgf/frontendlayer/tikz/tikz.cod
e.tex
Package: tikz 2013/12/13 v3.0.0 (rcs-revision 1.142)

(/usr/local/texlive/2015/texmf-dist/tex/generic/pgf/libraries/pgflibraryplothan
dlers.code.tex
File: pgflibraryplothandlers.code.tex 2013/08/31 v3.0.0 (rcs-revision 1.20)
\pgf@plot@mark@count=\count155
\pgfplotmarksize=\dimen206
)
\tikz@lastx=\dimen207
\tikz@lasty=\dimen208
\tikz@lastxsaved=\dimen209
\tikz@lastysaved=\dimen210
\tikzleveldistance=\dimen211
\tikzsiblingdistance=\dimen212
\tikz@figbox=\box47
\tikz@figbox@bg=\box48
\tikz@tempbox=\box49
\tikz@tempbox@bg=\box50
\tikztreelevel=\count156
\tikznumberofchildren=\count157
\tikznumberofcurrentchild=\count158
\tikz@fig@count=\count159

(/usr/local/texlive/2015/texmf-dist/tex/generic/pgf/modules/pgfmodulematrix.cod
e.tex
File: pgfmodulematrix.code.tex 2013/09/17  (rcs-revision 1.8)
\pgfmatrixcurrentrow=\count160
\pgfmatrixcurrentcolumn=\count161
\pgf@matrix@numberofcolumns=\count162
)
\tikz@expandcount=\count163

(/usr/local/texlive/2015/texmf-dist/tex/generic/pgf/frontendlayer/tikz/librarie
s/tikzlibrarytopaths.code.tex
File: tikzlibrarytopaths.code.tex 2008/06/17 v3.0.0 (rcs-revision 1.2)
)))
(/usr/local/texlive/2015/texmf-dist/tex/latex/units/nicefrac.sty
Package: nicefrac 1998/08/04 v0.9b Nice fractions
\L@UnitsRaiseDisplaystyle=\skip61
\L@UnitsRaiseTextstyle=\skip62
\L@UnitsRaiseScriptstyle=\skip63
)
(/usr/local/texlive/2015/texmf-dist/tex/latex/placeins/placeins.sty
Package: placeins 2005/04/18  v 2.2
)
(/usr/local/texlive/2015/texmf-dist/tex/generic/pgf/frontendlayer/tikz/librarie
s/tikzlibrarypositioning.code.tex
File: tikzlibrarypositioning.code.tex 2008/10/06 v3.0.0 (rcs-revision 1.7)
)
(/usr/local/texlive/2015/texmf-dist/tex/latex/mathtools/mathtools.sty
Package: mathtools 2015/05/11 v1.16 mathematical typesetting tools

(/usr/local/texlive/2015/texmf-dist/tex/latex/mathtools/mhsetup.sty
Package: mhsetup 2010/01/21 v1.2a programming setup (MH)
)
LaTeX Info: Thecontrolsequence`\('isalreadyrobust on input line 129.
LaTeX Info: Thecontrolsequence`\)'isalreadyrobust on input line 129.
LaTeX Info: Thecontrolsequence`\['isalreadyrobust on input line 129.
LaTeX Info: Thecontrolsequence`\]'isalreadyrobust on input line 129.
\g_MT_multlinerow_int=\count164
\l_MT_multwidth_dim=\dimen213
\origjot=\skip64
\l_MT_shortvdotswithinadjustabove_dim=\dimen214
\l_MT_shortvdotswithinadjustbelow_dim=\dimen215
\l_MT_above_intertext_sep=\dimen216
\l_MT_below_intertext_sep=\dimen217
\l_MT_above_shortintertext_sep=\dimen218
\l_MT_below_shortintertext_sep=\dimen219
)
(/usr/local/texlive/2015/texmf-dist/tex/latex/tools/bm.sty
Package: bm 2016/02/27 v1.2a Bold Symbol Support (DPC/FMi)
\symboldoperators=\mathgroup6
\symboldletters=\mathgroup7
\symboldsymbols=\mathgroup8
LaTeX Font Info:    Redeclaring math alphabet \mathbf on input line 142.
LaTeX Info: Redefining \bm on input line 208.
)
(/usr/local/texlive/2015/texmf-dist/tex/latex/natbib/natbib.sty
Package: natbib 2010/09/13 8.31b (PWD, AO)
\bibhang=\skip65
\bibsep=\skip66
LaTeX Info: Redefining \cite on input line 694.
\c@NAT@ctr=\count165
)
(/usr/local/texlive/2015/texmf-dist/tex/latex/oberdiek/pdflscape.sty
Package: pdflscape 2008/08/11 v0.10 Display of landscape pages in PDF (HO)

(/usr/local/texlive/2015/texmf-dist/tex/latex/graphics/lscape.sty
Package: lscape 2000/10/22 v3.01 Landscape Pages (DPC)
)
Package pdflscape Info: Auto-detected driver: pdftex on input line 80.
)
(/usr/local/texlive/2015/texmf-dist/tex/latex/tools/afterpage.sty
Package: afterpage 2014/10/28 v1.08 After-Page Package (DPC)
\AP@output=\toks48
\AP@partial=\box51
\AP@footins=\box52
)
(/usr/local/texlive/2015/texmf-dist/tex/latex/capt-of/capt-of.sty
Package: capt-of 2009/12/29 v0.2 standard captions outside of floats
)
(/usr/local/texlive/2015/texmf-dist/tex/latex/neuralnetwork/neuralnetwork.sty
Package: neuralnetwork 2013/07/18 v1.0 Neural network diagrams, Mark Kuckian Co
wan, mark@battlesnake.co.uk

(/usr/local/texlive/2015/texmf-dist/tex/latex/environ/environ.sty
Package: environ 2014/05/04 v0.3 A new way to define environments

(/usr/local/texlive/2015/texmf-dist/tex/latex/trimspaces/trimspaces.sty
Package: trimspaces 2009/09/17 v1.1 Trim spaces around a token list
))
(/usr/local/texlive/2015/texmf-dist/tex/latex/etoolbox/etoolbox.sty
Package: etoolbox 2015/05/04 v2.2 e-TeX tools for LaTeX (JAW)
\etb@tempcnta=\count166
)
(/usr/local/texlive/2015/texmf-dist/tex/latex/xkeyval/xkeyval.sty
Package: xkeyval 2014/12/03 v2.7a package option processing (HA)

(/usr/local/texlive/2015/texmf-dist/tex/generic/xkeyval/xkeyval.tex
(/usr/local/texlive/2015/texmf-dist/tex/generic/xkeyval/xkvutils.tex
\XKV@toks=\toks49
\XKV@tempa@toks=\toks50
)
\XKV@depth=\count167
File: xkeyval.tex 2014/12/03 v2.7a key=value parser (HA)
))
(/usr/local/texlive/2015/texmf-dist/tex/latex/algorithmicx/algorithmicx.sty
Package: algorithmicx 2005/04/27 v1.2 Algorithmicx

Document Style algorithmicx 1.2 - a greatly improved `algorithmic' style
\c@ALG@line=\count168
\c@ALG@rem=\count169
\c@ALG@nested=\count170
\ALG@tlm=\skip67
\ALG@thistlm=\skip68
\c@ALG@Lnr=\count171
\c@ALG@blocknr=\count172
\c@ALG@storecount=\count173
\c@ALG@tmpcounter=\count174
\ALG@tmplength=\skip69
)
(/usr/local/texlive/2015/texmf-dist/tex/generic/pgf/frontendlayer/tikz/librarie
s/tikzlibraryshapes.code.tex
File: tikzlibraryshapes.code.tex 2008/01/09 v3.0.0 (rcs-revision 1.1)

(/usr/local/texlive/2015/texmf-dist/tex/generic/pgf/frontendlayer/tikz/librarie
s/tikzlibraryshapes.geometric.code.tex
File: tikzlibraryshapes.geometric.code.tex 2008/01/09 v3.0.0 (rcs-revision 1.1)


(/usr/local/texlive/2015/texmf-dist/tex/generic/pgf/libraries/shapes/pgflibrary
shapes.geometric.code.tex
File: pgflibraryshapes.geometric.code.tex 2008/06/26 v3.0.0 (rcs-revision 1.1)
))
(/usr/local/texlive/2015/texmf-dist/tex/generic/pgf/frontendlayer/tikz/librarie
s/tikzlibraryshapes.misc.code.tex
File: tikzlibraryshapes.misc.code.tex 2008/01/09 v3.0.0 (rcs-revision 1.1)

(/usr/local/texlive/2015/texmf-dist/tex/generic/pgf/libraries/shapes/pgflibrary
shapes.misc.code.tex
File: pgflibraryshapes.misc.code.tex 2013/07/18 v3.0.0 (rcs-revision 1.5)
))
(/usr/local/texlive/2015/texmf-dist/tex/generic/pgf/frontendlayer/tikz/librarie
s/tikzlibraryshapes.symbols.code.tex
File: tikzlibraryshapes.symbols.code.tex 2008/01/09 v3.0.0 (rcs-revision 1.1)

(/usr/local/texlive/2015/texmf-dist/tex/generic/pgf/libraries/shapes/pgflibrary
shapes.symbols.code.tex
File: pgflibraryshapes.symbols.code.tex 2013/09/11 v3.0.0 (rcs-revision 1.6)
))
(/usr/local/texlive/2015/texmf-dist/tex/generic/pgf/frontendlayer/tikz/librarie
s/tikzlibraryshapes.arrows.code.tex
File: tikzlibraryshapes.arrows.code.tex 2008/01/09 v3.0.0 (rcs-revision 1.1)

(/usr/local/texlive/2015/texmf-dist/tex/generic/pgf/libraries/shapes/pgflibrary
shapes.arrows.code.tex
File: pgflibraryshapes.arrows.code.tex 2008/06/26 v3.0.0 (rcs-revision 1.1)
))
(/usr/local/texlive/2015/texmf-dist/tex/generic/pgf/frontendlayer/tikz/librarie
s/tikzlibraryshapes.callouts.code.tex
(/usr/local/texlive/2015/texmf-dist/tex/generic/pgf/libraries/shapes/pgflibrary
shapes.callouts.code.tex))
(/usr/local/texlive/2015/texmf-dist/tex/generic/pgf/frontendlayer/tikz/librarie
s/tikzlibraryshapes.multipart.code.tex
File: tikzlibraryshapes.multipart.code.tex 2008/01/09 v3.0.0 (rcs-revision 1.1)


(/usr/local/texlive/2015/texmf-dist/tex/generic/pgf/libraries/shapes/pgflibrary
shapes.multipart.code.tex
File: pgflibraryshapes.multipart.code.tex 2010/01/07 v3.0.0 (rcs-revision 1.2)
\pgfnodepartlowerbox=\box53
\pgfnodeparttwobox=\box54
\pgfnodepartthreebox=\box55
\pgfnodepartfourbox=\box56
\pgfnodeparttwentybox=\box57
\pgfnodepartnineteenbox=\box58
\pgfnodeparteighteenbox=\box59
\pgfnodepartseventeenbox=\box60
\pgfnodepartsixteenbox=\box61
\pgfnodepartfifteenbox=\box62
\pgfnodepartfourteenbox=\box63
\pgfnodepartthirteenbox=\box64
\pgfnodeparttwelvebox=\box65
\pgfnodepartelevenbox=\box66
\pgfnodeparttenbox=\box67
\pgfnodepartninebox=\box68
\pgfnodeparteightbox=\box69
\pgfnodepartsevenbox=\box70
\pgfnodepartsixbox=\box71
\pgfnodepartfivebox=\box72
))))

LaTeX Warning: Unused global option(s):
    [letter].

(./covidEffectOfNPI-revision.aux

LaTeX Warning: Label `fig:growthpolicies1' multiply defined.

)
\openout1 = `covidEffectOfNPI-revision.aux'.

LaTeX Font Info:    Checking defaults for OML/cmm/m/it on input line 154.
LaTeX Font Info:    ... okay on input line 154.
LaTeX Font Info:    Checking defaults for T1/cmr/m/n on input line 154.
LaTeX Font Info:    ... okay on input line 154.
LaTeX Font Info:    Checking defaults for OT1/cmr/m/n on input line 154.
LaTeX Font Info:    ... okay on input line 154.
LaTeX Font Info:    Checking defaults for OMS/cmsy/m/n on input line 154.
LaTeX Font Info:    ... okay on input line 154.
LaTeX Font Info:    Checking defaults for OMX/cmex/m/n on input line 154.
LaTeX Font Info:    ... okay on input line 154.
LaTeX Font Info:    Checking defaults for U/cmr/m/n on input line 154.
LaTeX Font Info:    ... okay on input line 154.
LaTeX Font Info:    Checking defaults for PD1/pdf/m/n on input line 154.
LaTeX Font Info:    ... okay on input line 154.
LaTeX Font Info:    Try loading font information for U+msa on input line 154.
 (/usr/local/texlive/2015/texmf-dist/tex/latex/amsfonts/umsa.fd
File: umsa.fd 2013/01/14 v3.01 AMS symbols A
)
LaTeX Font Info:    Try loading font information for U+msb on input line 154.

(/usr/local/texlive/2015/texmf-dist/tex/latex/amsfonts/umsb.fd
File: umsb.fd 2013/01/14 v3.01 AMS symbols B
)
(/usr/local/texlive/2015/texmf-dist/tex/context/base/supp-pdf.mkii
[Loading MPS to PDF converter (version 2006.09.02).]
\scratchcounter=\count175
\scratchdimen=\dimen220
\scratchbox=\box73
\nofMPsegments=\count176
\nofMParguments=\count177
\everyMPshowfont=\toks51
\MPscratchCnt=\count178
\MPscratchDim=\dimen221
\MPnumerator=\count179
\makeMPintoPDFobject=\count180
\everyMPtoPDFconversion=\toks52
) (/usr/local/texlive/2015/texmf-dist/tex/latex/oberdiek/epstopdf-base.sty
Package: epstopdf-base 2010/02/09 v2.5 Base part for package epstopdf

(/usr/local/texlive/2015/texmf-dist/tex/latex/oberdiek/grfext.sty
Package: grfext 2010/08/19 v1.1 Manage graphics extensions (HO)
)
Package grfext Info: Graphics extension search list:
(grfext)             [.png,.pdf,.jpg,.mps,.jpeg,.jbig2,.jb2,.PNG,.PDF,.JPG,.JPE
G,.JBIG2,.JB2,.eps]
(grfext)             \AppendGraphicsExtensions on input line 452.

(/usr/local/texlive/2015/texmf-dist/tex/latex/latexconfig/epstopdf-sys.cfg
File: epstopdf-sys.cfg 2010/07/13 v1.3 Configuration of (r)epstopdf for TeX Liv
e
))
\AtBeginShipoutBox=\box74
Package hyperref Info: Link coloring OFF on input line 154.

(/usr/local/texlive/2015/texmf-dist/tex/latex/hyperref/nameref.sty
Package: nameref 2012/10/27 v2.43 Cross-referencing by name of section

(/usr/local/texlive/2015/texmf-dist/tex/generic/oberdiek/gettitlestring.sty
Package: gettitlestring 2010/12/03 v1.4 Cleanup title references (HO)
)
\c@section@level=\count181
)
LaTeX Info: Redefining \ref on input line 154.
LaTeX Info: Redefining \pageref on input line 154.
LaTeX Info: Redefining \nameref on input line 154.

(./covidEffectOfNPI-revision.out) (./covidEffectOfNPI-revision.out)
\@outlinefile=\write4
\openout4 = `covidEffectOfNPI-revision.out'.


*geometry* driver: auto-detecting
*geometry* detected driver: pdftex
*geometry* verbose mode - [ preamble ] result:
* driver: pdftex
* paper: letterpaper
* layout: <same size as paper>
* layoutoffset:(h,v)=(0.0pt,0.0pt)
* hratio: 1:1
* vratio: 1:1
* modes: twoside 
* h-part:(L,W,R)=(90.3375pt, 433.62001pt, 90.3375pt)
* v-part:(T,H,B)=(108.405pt, 596.2275pt, 90.3375pt)
* \paperwidth=614.295pt
* \paperheight=794.96999pt
* \textwidth=433.62001pt
* \textheight=596.2275pt
* \oddsidemargin=18.0675pt
* \evensidemargin=18.0675pt
* \topmargin=14.13501pt
* \headheight=8.0pt
* \headsep=14.0pt
* \topskip=10.0pt
* \footskip=12.0pt
* \marginparwidth=90.0pt
* \marginparsep=11.0pt
* \columnsep=10.0pt
* \skip\footins=7.0pt plus 11.0pt
* \hoffset=0.0pt
* \voffset=0.0pt
* \mag=1000
* \@twocolumnfalse
* \@twosidetrue
* \@mparswitchtrue
* \@reversemarginfalse
* (1in=72.27pt=25.4mm, 1cm=28.453pt)

Package caption Info: Begin \AtBeginDocument code.
Package caption Info: End \AtBeginDocument code.
ABD: EveryShipout initializing macros [1{/usr/local/texlive/2015/texmf-var/font
s/map/pdftex/updmap/pdftex.map}]

Package natbib Warning: Citation `tinbergen1940' on page 2 undefined on input l
ine 211.


Package natbib Warning: Citation `wold1954' on page 2 undefined on input line 2
11.


Package natbib Warning: Citation `pearl:biometrika' on page 2 undefined on inpu
t line 211.


Package natbib Warning: Citation `pearl:causality' on page 2 undefined on input
 line 211.


Package natbib Warning: Citation `white:chalak' on page 2 undefined on input li
ne 211.


Package natbib Warning: Citation `heckman:pinto' on page 2 undefined on input l
ine 211.

[2] [3]

LaTeX Warning: Reference `fig:US-nop-SI' on page 4 undefined on input line 256.



LaTeX Warning: Reference `fig:US-nop' on page 4 undefined on input line 256.

<tables_and_figures/us-mask-rel_v1.pdf, id=230, 361.35pt x 271.0125pt>
File: tables_and_figures/us-mask-rel_v1.pdf Graphic file (type pdf)

<use tables_and_figures/us-mask-rel_v1.pdf>
Package pdftex.def Info: tables_and_figures/us-mask-rel_v1.pdf used on input li
ne 284.
(pdftex.def)             Requested size: 212.47618pt x 159.35838pt.

<tables_and_figures/us-mask-rel_deaths_v1.pdf, id=231, 361.35pt x 271.0125pt>
File: tables_and_figures/us-mask-rel_deaths_v1.pdf Graphic file (type pdf)

<use tables_and_figures/us-mask-rel_deaths_v1.pdf>
Package pdftex.def Info: tables_and_figures/us-mask-rel_deaths_v1.pdf used on i
nput line 284.
(pdftex.def)             Requested size: 212.47618pt x 159.35838pt.

Overfull \hbox (4.98235pt too wide) in paragraph at lines 281--286
 [][] 
 []

<tables_and_figures/us-nb-rel_v1.pdf, id=232, 361.35pt x 271.0125pt>
File: tables_and_figures/us-nb-rel_v1.pdf Graphic file (type pdf)

<use tables_and_figures/us-nb-rel_v1.pdf>
Package pdftex.def Info: tables_and_figures/us-nb-rel_v1.pdf used on input line
 305.
(pdftex.def)             Requested size: 195.12767pt x 146.34456pt.

<tables_and_figures/us-shelter-rel_v1.pdf, id=233, 361.35pt x 271.0125pt>
File: tables_and_figures/us-shelter-rel_v1.pdf Graphic file (type pdf)

<use tables_and_figures/us-shelter-rel_v1.pdf>
Package pdftex.def Info: tables_and_figures/us-shelter-rel_v1.pdf used on input
 line 324.
(pdftex.def)             Requested size: 195.12767pt x 146.34456pt.
 [4 <./tables_and_figures/us-mask-rel_v1.pdf> <./tables_and_figures/us-mask-rel
_deaths_v1.pdf

pdfTeX warning: /Library/TeX/texbin/pdflatex (file ./tables_and_figures/us-mask
-rel_deaths_v1.pdf): PDF inclusion: multiple pdfs with page group included in a
 single page
>] [5 <./tables_and_figures/us-nb-rel_v1.pdf> <./tables_and_figures/us-shelter-
rel_v1.pdf

pdfTeX warning: /Library/TeX/texbin/pdflatex (file ./tables_and_figures/us-shel
ter-rel_v1.pdf): PDF inclusion: multiple pdfs with page group included in a sin
gle page
>] [6] [7] [8]pdfTeX warning (ext4): destination with the same identifier (name
{equation.2.1}) has been already used, duplicate ignored
<to be read again> 
                   \relax 
l.469 \begin{equation}
                      \label{eq:Policy} \tag{P}pdfTeX warning (ext4): destinati
on with the same identifier (name{equation.2.1}) has been already used, duplica
te ignored
<to be read again> 
                   \relax 
l.469 \begin{equation}
                      \label{eq:Policy} \tag{P}pdfTeX warning (ext4): destinati
on with the same identifier (name{equation.2.1}) has been already used, duplica
te ignored
<to be read again> 
                   \relax 
l.469 \begin{equation}
                      \label{eq:Policy} \tag{P}pdfTeX warning (ext4): destinati
on with the same identifier (name{equation.2.1}) has been already used, duplica
te ignored
<to be read again> 
                   \relax 
l.469 \begin{equation}
                      \label{eq:Policy} \tag{P}pdfTeX warning (ext4): destinati
on with the same identifier (name{equation.2.1}) has been already used, duplica
te ignored
<to be read again> 
                   \relax 
l.476 \begin{equation}
                      \label{eqn:SEM2} \tag{E}pdfTeX warning (ext4): destinatio
n with the same identifier (name{equation.2.1}) has been already used, duplicat
e ignored
<to be read again> 
                   \relax 
l.476 \begin{equation}
                      \label{eqn:SEM2} \tag{E}pdfTeX warning (ext4): destinatio
n with the same identifier (name{equation.2.1}) has been already used, duplicat
e ignored
<to be read again> 
                   \relax 
l.476 \begin{equation}
                      \label{eqn:SEM2} \tag{E}pdfTeX warning (ext4): destinatio
n with the same identifier (name{equation.2.1}) has been already used, duplicat
e ignored
<to be read again> 
                   \relax 
l.476 \begin{equation}
                      \label{eqn:SEM2} \tag{E}pdfTeX warning (ext4): destinatio
n with the same identifier (name{equation.2.1}) has been already used, duplicat
e ignored
<to be read again> 
                   \relax 
l.497 \begin{equation}
                       \label{eqn:SEMO}\tag{O}pdfTeX warning (ext4): destinatio
n with the same identifier (name{equation.2.1}) has been already used, duplicat
e ignored
<to be read again> 
                   \relax 
l.497 \begin{equation}
                       \label{eqn:SEMO}\tag{O}pdfTeX warning (ext4): destinatio
n with the same identifier (name{equation.2.1}) has been already used, duplicat
e ignored
<to be read again> 
                   \relax 
l.497 \begin{equation}
                       \label{eqn:SEMO}\tag{O}pdfTeX warning (ext4): destinatio
n with the same identifier (name{equation.2.1}) has been already used, duplicat
e ignored
<to be read again> 
                   \relax 
l.497 \begin{equation}
                       \label{eqn:SEMO}\tag{O}pdfTeX warning (ext4): destinatio
n with the same identifier (name{equation.2.1}) has been already used, duplicat
e ignored
<to be read again> 
                   \relax 
l.507 \begin{equation}
                      \label{eq:I}\tag{I}pdfTeX warning (ext4): destination wit
h the same identifier (name{equation.2.1}) has been already used, duplicate ign
ored
<to be read again> 
                   \relax 
l.507 \begin{equation}
                      \label{eq:I}\tag{I}pdfTeX warning (ext4): destination wit
h the same identifier (name{equation.2.1}) has been already used, duplicate ign
ored
<to be read again> 
                   \relax 
l.507 \begin{equation}
                      \label{eq:I}\tag{I}pdfTeX warning (ext4): destination wit
h the same identifier (name{equation.2.1}) has been already used, duplicate ign
ored
<to be read again> 
                   \relax 
l.507 \begin{equation}
                      \label{eq:I}\tag{I} [9] [10]pdfTeX warning (ext4): destin
ation with the same identifier (name{equation.2.1}) has been already used, dupl
icate ignored
<to be read again> 
                   \relax 
l.578 \begin{equation}
                      pdfTeX warning (ext4): destination with the same identifi
er (name{equation.2.1}) has been already used, duplicate ignored
<to be read again> 
                   \relax 
l.578 \begin{equation}
                      pdfTeX warning (ext4): destination with the same identifi
er (name{equation.2.1}) has been already used, duplicate ignored
<to be read again> 
                   \relax 
l.578 \begin{equation}
                      pdfTeX warning (ext4): destination with the same identifi
er (name{equation.2.1}) has been already used, duplicate ignored
<to be read again> 
                   \relax 
l.578 \begin{equation}
                      pdfTeX warning (ext4): destination with the same identifi
er (name{equation.2.1}) has been already used, duplicate ignored
<to be read again> 
                   \relax 
l.585 \begin{equation}
                      \label{eq:TI} \tag{TR}pdfTeX warning (ext4): destination 
with the same identifier (name{equation.2.1}) has been already used, duplicate 
ignored
<to be read again> 
                   \relax 
l.585 \begin{equation}
                      \label{eq:TI} \tag{TR}pdfTeX warning (ext4): destination 
with the same identifier (name{equation.2.1}) has been already used, duplicate 
ignored
<to be read again> 
                   \relax 
l.585 \begin{equation}
                      \label{eq:TI} \tag{TR}pdfTeX warning (ext4): destination 
with the same identifier (name{equation.2.1}) has been already used, duplicate 
ignored
<to be read again> 
                   \relax 
l.585 \begin{equation}
                      \label{eq:TI} \tag{TR}pdfTeX warning (ext4): destination 
with the same identifier (name{equation.2.1}) has been already used, duplicate 
ignored
<to be read again> 
                   \relax 
l.602 \begin{equation}
                      \label{eqn:SEM-PO}pdfTeX warning (ext4): destination with
 the same identifier (name{equation.2.1}) has been already used, duplicate igno
red
<to be read again> 
                   \relax 
l.602 \begin{equation}
                      \label{eqn:SEM-PO}pdfTeX warning (ext4): destination with
 the same identifier (name{equation.2.1}) has been already used, duplicate igno
red
<to be read again> 
                   \relax 
l.602 \begin{equation}
                      \label{eqn:SEM-PO}pdfTeX warning (ext4): destination with
 the same identifier (name{equation.2.1}) has been already used, duplicate igno
red
<to be read again> 
                   \relax 
l.602 \begin{equation}
                      \label{eqn:SEM-PO} [11] [12]
Underfull \vbox (badness 1231) has occurred while \output is active []

 [13]
[14pdfTeX warning (ext4): destination with the same identifier (name{equation.2
.5}) has been already used, duplicate ignored

\AtBegShi@Output ...ipout \box \AtBeginShipoutBox 
                                                  \fi \fi 
l.844 \end{equation}
                    ] [15] [16] (./tables_and_figures/policies_inregs.tex)
[17] <tables_and_figures/transit.pdf, id=561, 505.89pt x 252.945pt>
File: tables_and_figures/transit.pdf Graphic file (type pdf)

<use tables_and_figures/transit.pdf>
Package pdftex.def Info: tables_and_figures/transit.pdf used on input line 1005
.
(pdftex.def)             Requested size: 216.81pt x 108.40527pt.

<tables_and_figures/workplaces.pdf, id=562, 505.89pt x 252.945pt>
File: tables_and_figures/workplaces.pdf Graphic file (type pdf)

<use tables_and_figures/workplaces.pdf>
Package pdftex.def Info: tables_and_figures/workplaces.pdf used on input line 1
006.
(pdftex.def)             Requested size: 216.81pt x 108.40527pt.

Overfull \hbox (13.64998pt too wide) in paragraph at lines 1004--1008
 [][] 
 []

(./tables_and_figures/corr.tex)
<tables_and_figures/pmaskbus_p.pdf, id=566, 289.08pt x 144.54pt>
File: tables_and_figures/pmaskbus_p.pdf Graphic file (type pdf)

<use tables_and_figures/pmaskbus_p.pdf>
Package pdftex.def Info: tables_and_figures/pmaskbus_p.pdf used on input line 1
064.
(pdftex.def)             Requested size: 134.42114pt x 67.21039pt.

<tables_and_figures/pk12_p.pdf, id=567, 289.08pt x 144.54pt>
File: tables_and_figures/pk12_p.pdf Graphic file (type pdf)

<use tables_and_figures/pk12_p.pdf>
Package pdftex.def Info: tables_and_figures/pk12_p.pdf used on input line 1066.

(pdftex.def)             Requested size: 134.42114pt x 67.21039pt.

<tables_and_figures/pshelter_p.pdf, id=568, 289.08pt x 144.54pt>
File: tables_and_figures/pshelter_p.pdf Graphic file (type pdf)

<use tables_and_figures/pshelter_p.pdf>
Package pdftex.def Info: tables_and_figures/pshelter_p.pdf used on input line 1
068.
(pdftex.def)             Requested size: 134.42114pt x 67.21039pt.

<tables_and_figures/pmovie_p.pdf, id=569, 289.08pt x 144.54pt>
File: tables_and_figures/pmovie_p.pdf Graphic file (type pdf)

<use tables_and_figures/pmovie_p.pdf>
Package pdftex.def Info: tables_and_figures/pmovie_p.pdf used on input line 107
0.
(pdftex.def)             Requested size: 134.42114pt x 67.21039pt.

<tables_and_figures/prestaurant_p.pdf, id=570, 289.08pt x 144.54pt>
File: tables_and_figures/prestaurant_p.pdf Graphic file (type pdf)

<use tables_and_figures/prestaurant_p.pdf>
Package pdftex.def Info: tables_and_figures/prestaurant_p.pdf used on input lin
e 1072.
(pdftex.def)             Requested size: 134.42114pt x 67.21039pt.

<tables_and_figures/pnonessential_p.pdf, id=571, 289.08pt x 144.54pt>
File: tables_and_figures/pnonessential_p.pdf Graphic file (type pdf)

<use tables_and_figures/pnonessential_p.pdf>
Package pdftex.def Info: tables_and_figures/pnonessential_p.pdf used on input l
ine 1074.
(pdftex.def)             Requested size: 134.42114pt x 67.21039pt.

Underfull \vbox (badness 2150) has occurred while \output is active []

 [18 <./tables_and_figures/transit.pdf> <./tables_and_figures/workplaces.pdf>] 
[19 <./tables_and_figures/pmaskbus_p.pdf> <./tables_and_figures/pk12_p.pdf> <./
tables_and_figures/pshelter_p.pdf> <./tables_and_figures/pmovie_p.pdf> <./table
s_and_figures/prestaurant_p.pdf> <./tables_and_figures/pnonessential_p.pdf>]
<tables_and_figures/pmaskbus-cases-14.pdf, id=644, 289.08pt x 216.81pt>
File: tables_and_figures/pmaskbus-cases-14.pdf Graphic file (type pdf)

<use tables_and_figures/pmaskbus-cases-14.pdf>
Package pdftex.def Info: tables_and_figures/pmaskbus-cases-14.pdf used on input
 line 1204.
(pdftex.def)             Requested size: 216.81pt x 162.60709pt.

<tables_and_figures/pmaskbus-deaths-21.pdf, id=645, 289.08pt x 216.81pt>
File: tables_and_figures/pmaskbus-deaths-21.pdf Graphic file (type pdf)

<use tables_and_figures/pmaskbus-deaths-21.pdf>
Package pdftex.def Info: tables_and_figures/pmaskbus-deaths-21.pdf used on inpu
t line 1206.
(pdftex.def)             Requested size: 216.81pt x 162.60709pt.

Overfull \hbox (19.99998pt too wide) in paragraph at lines 1203--1208
 [][] 
 []

[20] [21 <./tables_and_figures/pmaskbus-cases-14.pdf> <./tables_and_figures/pma
skbus-deaths-21.pdf

pdfTeX warning: /Library/TeX/texbin/pdflatex (file ./tables_and_figures/pmaskbu
s-deaths-21.pdf): PDF inclusion: multiple pdfs with page group included in a si
ngle page
>] (./tables_and_figures/behavior-NI-pib.tex)

LaTeX Warning: Float too large for page by 17.57816pt on input line 1276.

(./tables_and_figures/behavior-deathsinfo-NI-pib.tex)

LaTeX Warning: Float too large for page by 1.11406pt on input line 1276.

[22] [23] (./tables_and_figures/cases-pbiy.tex)
Overfull \hbox (2.06752pt too wide) in paragraph at lines 1--1276
 [][] 
 []

(./tables_and_figures/deaths-deathsinfo-pbiy.tex)
Overfull \hbox (2.06752pt too wide) in paragraph at lines 1--1276
 [][] 
 []

[24] [25








] [26] [27] (./tables_and_figures/cases-piy.tex)
Overfull \hbox (2.06752pt too wide) in paragraph at lines 1--1652
 [][] 
 []

(./tables_and_figures/deaths-deathsinfo-piy.tex)
Overfull \hbox (2.06752pt too wide) in paragraph at lines 1--1652
 [][] 
 []

[28

] (./tables_and_figures/dieff-cases-SI.tex)
(./tables_and_figures/dieff-deaths-deathsinfo-SI.tex)
(./tables_and_figures/dieff-cases-constrain-SI.tex)
(./tables_and_figures/dieff-deaths-deathsinfo-constrain-SI.tex)

LaTeX Warning: `!h' float specifier changed to `!ht'.


Underfull \vbox (badness 10000) has occurred while \output is active []

 [29

]
[30] [31]
<tables_and_figures/pmaskbus-whisker-14.pdf, id=854, 289.08pt x 216.81pt>
File: tables_and_figures/pmaskbus-whisker-14.pdf Graphic file (type pdf)

<use tables_and_figures/pmaskbus-whisker-14.pdf>
Package pdftex.def Info: tables_and_figures/pmaskbus-whisker-14.pdf used on inp
ut line 1723.
(pdftex.def)             Requested size: 216.81pt x 162.60709pt.

<tables_and_figures/pmaskbus-whisker-7.pdf, id=855, 289.08pt x 216.81pt>
File: tables_and_figures/pmaskbus-whisker-7.pdf Graphic file (type pdf)

<use tables_and_figures/pmaskbus-whisker-7.pdf>
Package pdftex.def Info: tables_and_figures/pmaskbus-whisker-7.pdf used on inpu
t line 1725.
(pdftex.def)             Requested size: 216.81pt x 162.60709pt.

Overfull \hbox (19.99998pt too wide) in paragraph at lines 1721--1727
 [][] 
 []

<tables_and_figures/pk12-whisker-14.pdf, id=856, 289.08pt x 216.81pt>
File: tables_and_figures/pk12-whisker-14.pdf Graphic file (type pdf)

<use tables_and_figures/pk12-whisker-14.pdf>
Package pdftex.def Info: tables_and_figures/pk12-whisker-14.pdf used on input l
ine 1734.
(pdftex.def)             Requested size: 216.81pt x 162.60709pt.

<tables_and_figures/pk12-whisker-7.pdf, id=857, 289.08pt x 216.81pt>
File: tables_and_figures/pk12-whisker-7.pdf Graphic file (type pdf)

<use tables_and_figures/pk12-whisker-7.pdf>
Package pdftex.def Info: tables_and_figures/pk12-whisker-7.pdf used on input li
ne 1736.
(pdftex.def)             Requested size: 216.81pt x 162.60709pt.

Overfull \hbox (19.99998pt too wide) in paragraph at lines 1732--1738
 [][] 
 []

<tables_and_figures/pshelter-whisker-14.pdf, id=858, 289.08pt x 216.81pt>
File: tables_and_figures/pshelter-whisker-14.pdf Graphic file (type pdf)

<use tables_and_figures/pshelter-whisker-14.pdf>
Package pdftex.def Info: tables_and_figures/pshelter-whisker-14.pdf used on inp
ut line 1754.
(pdftex.def)             Requested size: 216.81pt x 162.60709pt.

<tables_and_figures/pshelter-whisker-7.pdf, id=859, 289.08pt x 216.81pt>
File: tables_and_figures/pshelter-whisker-7.pdf Graphic file (type pdf)

<use tables_and_figures/pshelter-whisker-7.pdf>
Package pdftex.def Info: tables_and_figures/pshelter-whisker-7.pdf used on inpu
t line 1756.
(pdftex.def)             Requested size: 216.81pt x 162.60709pt.

Overfull \hbox (19.99998pt too wide) in paragraph at lines 1752--1758
 [][] 
 []

<tables_and_figures/pindex-whisker-14.pdf, id=860, 289.08pt x 216.81pt>
File: tables_and_figures/pindex-whisker-14.pdf Graphic file (type pdf)

<use tables_and_figures/pindex-whisker-14.pdf>
Package pdftex.def Info: tables_and_figures/pindex-whisker-14.pdf used on input
 line 1765.
(pdftex.def)             Requested size: 216.81pt x 162.60709pt.

<tables_and_figures/pindex-whisker-7.pdf, id=861, 289.08pt x 216.81pt>
File: tables_and_figures/pindex-whisker-7.pdf Graphic file (type pdf)

<use tables_and_figures/pindex-whisker-7.pdf>
Package pdftex.def Info: tables_and_figures/pindex-whisker-7.pdf used on input 
line 1767.
(pdftex.def)             Requested size: 216.81pt x 162.60709pt.

Overfull \hbox (19.99998pt too wide) in paragraph at lines 1763--1769
 [][] 
 []

<tables_and_figures/pk12-cases-14.pdf, id=862, 289.08pt x 216.81pt>
File: tables_and_figures/pk12-cases-14.pdf Graphic file (type pdf)

<use tables_and_figures/pk12-cases-14.pdf>
Package pdftex.def Info: tables_and_figures/pk12-cases-14.pdf used on input lin
e 1782.
(pdftex.def)             Requested size: 209.4392pt x 157.07901pt.

<tables_and_figures/pk12-deaths-21.pdf, id=863, 289.08pt x 216.81pt>
File: tables_and_figures/pk12-deaths-21.pdf Graphic file (type pdf)

<use tables_and_figures/pk12-deaths-21.pdf>
Package pdftex.def Info: tables_and_figures/pk12-deaths-21.pdf used on input li
ne 1784.
(pdftex.def)             Requested size: 209.4392pt x 157.07901pt.

Overfull \hbox (5.25838pt too wide) in paragraph at lines 1781--1792
 [][] 
 []

[32] [33 <./tables_and_figures/pmaskbus-whisker-14.pdf> <./tables_and_figures/p
maskbus-whisker-7.pdf

pdfTeX warning: /Library/TeX/texbin/pdflatex (file ./tables_and_figures/pmaskbu
s-whisker-7.pdf): PDF inclusion: multiple pdfs with page group included in a si
ngle page
> <./tables_and_figures/pk12-whisker-14.pdf

pdfTeX warning: /Library/TeX/texbin/pdflatex (file ./tables_and_figures/pk12-wh
isker-14.pdf): PDF inclusion: multiple pdfs with page group included in a singl
e page
> <./tables_and_figures/pk12-whisker-7.pdf

pdfTeX warning: /Library/TeX/texbin/pdflatex (file ./tables_and_figures/pk12-wh
isker-7.pdf): PDF inclusion: multiple pdfs with page group included in a single
 page
>] [34 <./tables_and_figures/pshelter-whisker-14.pdf> <./tables_and_figures/psh
elter-whisker-7.pdf

pdfTeX warning: /Library/TeX/texbin/pdflatex (file ./tables_and_figures/pshelte
r-whisker-7.pdf): PDF inclusion: multiple pdfs with page group included in a si
ngle page
> <./tables_and_figures/pindex-whisker-14.pdf

pdfTeX warning: /Library/TeX/texbin/pdflatex (file ./tables_and_figures/pindex-
whisker-14.pdf): PDF inclusion: multiple pdfs with page group included in a sin
gle page
> <./tables_and_figures/pindex-whisker-7.pdf

pdfTeX warning: /Library/TeX/texbin/pdflatex (file ./tables_and_figures/pindex-
whisker-7.pdf): PDF inclusion: multiple pdfs with page group included in a sing
le pa