\BOOKMARK [1][-]{section.1}{Introduction}{}% 1
\BOOKMARK [1][-]{section.2}{The Causal Model for the Effect of Policies, Behavior, and Information on Growth of Infection}{}% 2
\BOOKMARK [2][-]{subsection.2.1}{The Causal Model and Its Structural Equation Form}{section.2}% 3
\BOOKMARK [2][-]{subsection.2.2}{Main Testable Implication, Identification, Parameter Estimation}{section.2}% 4
\BOOKMARK [2][-]{subsection.2.3}{Counterfactual Policy Analysis}{section.2}% 5
\BOOKMARK [2][-]{subsection.2.4}{Outcome and Key Confounders via SIRD model}{section.2}% 6
\BOOKMARK [1][-]{section.3}{Empirical Analysis}{}% 7
\BOOKMARK [2][-]{subsection.3.1}{Data}{section.3}% 8
\BOOKMARK [2][-]{subsection.3.2}{The Effect of Policies and Information on Behavior}{section.3}% 9
\BOOKMARK [2][-]{subsection.3.3}{The Direct Effect of Policies and Behavior on Case and Death Growth}{section.3}% 10
\BOOKMARK [2][-]{subsection.3.4}{The Total Effect of Policies on Case Growth}{section.3}% 11
\BOOKMARK [1][-]{section.4}{Sensitivity Analysis}{}% 12
\BOOKMARK [2][-]{subsection.4.1}{Specifications, Timings, and Flexible Controls via Machine Learning}{section.4}% 13
\BOOKMARK [2][-]{subsection.4.2}{Fixed Effects Specification}{section.4}% 14
\BOOKMARK [1][-]{section.5}{Empirical Evaluation of Counterfactual Policies}{}% 15
\BOOKMARK [2][-]{subsection.5.1}{Business Mask Mandate}{section.5}% 16
\BOOKMARK [2][-]{subsection.5.2}{Business Closure Policies}{section.5}% 17
\BOOKMARK [2][-]{subsection.5.3}{Stay-at-home orders}{section.5}% 18
\BOOKMARK [1][-]{section.6}{Conclusion}{}% 19
\BOOKMARK [1][-]{appendix.A}{Data Construction}{}% 20
\BOOKMARK [2][-]{subsection.A.1}{Measuring C and logC}{appendix.A}% 21
\BOOKMARK [2][-]{subsection.A.2}{Deaths}{appendix.A}% 22
\BOOKMARK [2][-]{subsection.A.3}{Tests}{appendix.A}% 23
\BOOKMARK [2][-]{subsection.A.4}{Social Distancing Measures}{appendix.A}% 24
\BOOKMARK [2][-]{subsection.A.5}{Policy Variables}{appendix.A}% 25
\BOOKMARK [2][-]{subsection.A.6}{Timing}{appendix.A}% 26
\BOOKMARK [1][-]{appendix.B}{Additional Results}{}% 27
\BOOKMARK [2][-]{subsection.B.1}{Direct and Indirect Policy Effects with national case/death variables}{appendix.B}% 28
\BOOKMARK [2][-]{subsection.B.2}{Double Machine Learning}{appendix.B}% 29
\BOOKMARK [2][-]{subsection.B.3}{Debiased Fixed Effects Estimator}{appendix.B}% 30
\BOOKMARK [2][-]{subsection.B.4}{Details for Computing Counterfactuals }{appendix.B}% 31
